Running: /home/kiet/opt/14.7/ISE_DS/ISE/bin/lin64/unwrapped/fuse -intstyle ise -incremental -lib unisims_ver -lib unimacro_ver -lib xilinxcorelib_ver -o /home/kiet/Downloads/Exp-3-UART/UART_testbench_isim_beh.exe -prj /home/kiet/Downloads/Exp-3-UART/UART_testbench_beh.prj work.UART_testbench work.glbl 
ISim P.20131013 (signature 0xfbc00daa)
Number of CPUs detected in this system: 8
Turning on mult-threading, number of parallel sub-compilation jobs: 16 
Determining compilation order of HDL files
Analyzing Verilog file "/home/kiet/Downloads/Exp-3-UART/UART_Module.v" into library work
Analyzing Verilog file "/home/kiet/Downloads/Exp-3-UART/UART_TB.v" into library work
Analyzing Verilog file "/home/kiet/opt/14.7/ISE_DS/ISE//verilog/src/glbl.v" into library work
Starting static elaboration
Completed static elaboration
Fuse Memory Usage: 82724 KB
Fuse CPU Usage: 2310 ms
Compiling module uart
Compiling module UART_testbench
Compiling module glbl
Time Resolution for simulation is 1ps.
Waiting for 1 sub-compilation(s) to finish...
Compiled 3 Verilog Units
Built simulation executable /home/kiet/Downloads/Exp-3-UART/UART_testbench_isim_beh.exe
Fuse Memory Usage: 1167352 KB
Fuse CPU Usage: 2330 ms
GCC CPU Usage: 480 ms
